app/build/intermediates/manifest_merge_blame_file/debug/manifest-merger-blame-debug-report.txt
1<?xml version="1.0" encoding="utf-8"?>
2<manifest xmlns:android="http://schemas.android.com/apk/res/android"
3    package="com.google.mlkit.vision.demo"
4    android:installLocation="auto"
5    android:versionCode="11"
6    android:versionName="1.11" >
7    <!--
8 CameraX libraries require minSdkVersion 21, while this quickstart app
9    supports low to 19. Needs to use overrideLibrary to make the merger tool
10    ignore this conflict and import the libraries while keeping the app's lower
11    minSdkVersion value. In code, will check SDK version, before calling CameraX
12    APIs.
13    -->
14    <uses-sdk
14-->src/main/AndroidManifest.xml:13:5-157
15        android:minSdkVersion="19"
15-->src/main/AndroidManifest.xml:13:5-157
16        android:targetSdkVersion="31" />
16-->src/main/AndroidManifest.xml:13:5-157
17
18    <uses-feature android:name="android.hardware.camera" />
18-->src/main/AndroidManifest.xml:15:5-60
18-->src/main/AndroidManifest.xml:15:19-57
19
20    <uses-permission android:name="android.permission.INTERNET" />
20-->src/main/AndroidManifest.xml:17:5-67
20-->src/main/AndroidManifest.xml:17:22-64
21    <uses-permission android:name="android.permission.WRITE_EXTERNAL_STORAGE" />
21-->src/main/AndroidManifest.xml:18:5-81
21-->src/main/AndroidManifest.xml:18:22-78
22    <uses-permission android:name="android.permission.READ_EXTERNAL_STORAGE" />
22-->src/main/AndroidManifest.xml:19:5-80
22-->src/main/AndroidManifest.xml:19:22-77
23    <uses-permission android:name="android.permission.CAMERA" />
23-->src/main/AndroidManifest.xml:20:5-65
23-->src/main/AndroidManifest.xml:20:22-62
24
25    <queries>
25-->src/main/AndroidManifest.xml:22:5-26:15
26        <intent>
26-->src/main/AndroidManifest.xml:23:9-25:18
27            <action android:name="android.media.action.IMAGE_CAPTURE" />
27-->src/main/AndroidManifest.xml:24:13-73
27-->src/main/AndroidManifest.xml:24:21-70
28        </intent>
29    </queries>
30
31    <!-- Although the *SdkVersion is captured in gradle build files, this is required for non gradle builds -->
32    <!-- <uses-sdk android:minSdkVersion="14"/> -->
33    <uses-permission android:name="android.permission.ACCESS_NETWORK_STATE" />
33-->[com.google.android.datatransport:transport-backend-cct:2.3.3] AndroidManifest.xml:25:5-79
33-->[com.google.android.datatransport:transport-backend-cct:2.3.3] AndroidManifest.xml:25:22-76
34
35    <application
35-->src/main/AndroidManifest.xml:28:5-68:19
36        android:name="androidx.multidex.MultiDexApplication"
36-->src/main/AndroidManifest.xml:29:9-61
37        android:appComponentFactory="androidx.core.app.CoreComponentFactory"
37-->[androidx.core:core:1.5.0] AndroidManifest.xml:24:18-86
38        android:debuggable="true"
39        android:icon="@mipmap/ic_launcher"
39-->src/main/AndroidManifest.xml:30:9-43
40        android:label="@string/app_name"
40-->src/main/AndroidManifest.xml:31:9-41
41        android:testOnly="true"
42        android:theme="@style/Theme.AppCompat" >
42-->src/main/AndroidManifest.xml:32:9-47
43        <activity
43-->src/main/AndroidManifest.xml:33:9-45:20
44            android:name="com.google.mlkit.vision.demo.MainActivity"
44-->src/main/AndroidManifest.xml:34:13-41
45            android:exported="true" >
45-->src/main/AndroidManifest.xml:35:13-36
46            <intent-filter>
46-->src/main/AndroidManifest.xml:36:13-40:29
47                <action android:name="android.intent.action.MAIN" />
47-->src/main/AndroidManifest.xml:37:17-69
47-->src/main/AndroidManifest.xml:37:25-66
48
49                <category android:name="android.intent.category.LAUNCHER" />
49-->src/main/AndroidManifest.xml:39:17-77
49-->src/main/AndroidManifest.xml:39:27-74
50            </intent-filter>
51
52            <meta-data
52-->src/main/AndroidManifest.xml:42:13-44:36
53                android:name="android.app.lib_name"
53-->src/main/AndroidManifest.xml:43:17-52
54                android:value="" />
54-->src/main/AndroidManifest.xml:44:17-33
55        </activity>
56
57        <meta-data
57-->src/main/AndroidManifest.xml:47:9-49:69
58            android:name="com.google.android.gms.version"
58-->src/main/AndroidManifest.xml:48:13-58
59            android:value="@integer/google_play_services_version" />
59-->src/main/AndroidManifest.xml:49:13-66
60        <!--
61 Optional: Add it to automatically download ML model to device after
62          your app is installed.
63        -->
64        <meta-data
64-->src/main/AndroidManifest.xml:54:9-56:63
65            android:name="com.google.mlkit.vision.DEPENDENCIES"
65-->src/main/AndroidManifest.xml:55:13-64
66            android:value="barcode,face,ocr,ica,custom_ica" />
66-->src/main/AndroidManifest.xml:56:13-60
67
68        <activity
68-->src/main/AndroidManifest.xml:58:9-67:20
69            android:name="com.google.mlkit.vision.demo.java.LivePreviewActivity"
69-->src/main/AndroidManifest.xml:59:13-53
70            android:exported="false"
70-->src/main/AndroidManifest.xml:60:13-37
71            android:theme="@style/AppTheme" >
71-->src/main/AndroidManifest.xml:61:13-44
72
73            <!-- <intent-filter> -->
74            <!-- <action android:name="android.intent.action.MAIN" /> -->
75
76
77            <!-- <category android:name="android.intent.category.LAUNCHER" /> -->
78            <!-- </intent-filter> -->
79        </activity>
80
81        <service
81-->[com.google.android.gms:play-services-mlkit-face-detection:17.0.1] AndroidManifest.xml:9:9-15:19
82            android:name="com.google.mlkit.common.internal.MlKitComponentDiscoveryService"
82-->[com.google.android.gms:play-services-mlkit-face-detection:17.0.1] AndroidManifest.xml:10:13-91
83            android:directBootAware="true"
83-->[com.google.mlkit:common:18.1.0] AndroidManifest.xml:17:13-43
84            android:exported="false" >
84-->[com.google.android.gms:play-services-mlkit-face-detection:17.0.1] AndroidManifest.xml:11:13-37
85            <meta-data
85-->[com.google.android.gms:play-services-mlkit-face-detection:17.0.1] AndroidManifest.xml:12:13-14:85
86                android:name="com.google.firebase.components:com.google.mlkit.vision.face.internal.FaceRegistrar"
86-->[com.google.android.gms:play-services-mlkit-face-detection:17.0.1] AndroidManifest.xml:13:17-114
87                android:value="com.google.firebase.components.ComponentRegistrar" />
87-->[com.google.android.gms:play-services-mlkit-face-detection:17.0.1] AndroidManifest.xml:14:17-82
88            <meta-data
88-->[com.google.mlkit:vision-common:17.1.0] AndroidManifest.xml:12:13-14:85
89                android:name="com.google.firebase.components:com.google.mlkit.vision.common.internal.VisionCommonRegistrar"
89-->[com.google.mlkit:vision-common:17.1.0] AndroidManifest.xml:13:17-124
90                android:value="com.google.firebase.components.ComponentRegistrar" />
90-->[com.google.mlkit:vision-common:17.1.0] AndroidManifest.xml:14:17-82
91            <meta-data
91-->[com.google.mlkit:common:18.1.0] AndroidManifest.xml:20:13-22:85
92                android:name="com.google.firebase.components:com.google.mlkit.common.internal.CommonComponentRegistrar"
92-->[com.google.mlkit:common:18.1.0] AndroidManifest.xml:21:17-120
93                android:value="com.google.firebase.components.ComponentRegistrar" />
93-->[com.google.mlkit:common:18.1.0] AndroidManifest.xml:22:17-82
94        </service>
95
96        <provider
96-->[com.google.mlkit:common:18.1.0] AndroidManifest.xml:9:9-13:38
97            android:name="com.google.mlkit.common.internal.MlKitInitProvider"
97-->[com.google.mlkit:common:18.1.0] AndroidManifest.xml:10:13-78
98            android:authorities="com.google.mlkit.vision.demo.mlkitinitprovider"
98-->[com.google.mlkit:common:18.1.0] AndroidManifest.xml:11:13-69
99            android:exported="false"
99-->[com.google.mlkit:common:18.1.0] AndroidManifest.xml:12:13-37
100            android:initOrder="99" />
100-->[com.google.mlkit:common:18.1.0] AndroidManifest.xml:13:13-35
101
102        <service
102-->[com.google.android.datatransport:transport-backend-cct:2.3.3] AndroidManifest.xml:29:9-35:19
103            android:name="com.google.android.datatransport.runtime.backends.TransportBackendDiscovery"
103-->[com.google.android.datatransport:transport-backend-cct:2.3.3] AndroidManifest.xml:30:13-103
104            android:exported="false" >
104-->[com.google.android.datatransport:transport-backend-cct:2.3.3] AndroidManifest.xml:31:13-37
105            <meta-data
105-->[com.google.android.datatransport:transport-backend-cct:2.3.3] AndroidManifest.xml:32:13-34:39
106                android:name="backend:com.google.android.datatransport.cct.CctBackendFactory"
106-->[com.google.android.datatransport:transport-backend-cct:2.3.3] AndroidManifest.xml:33:17-94
107                android:value="cct" />
107-->[com.google.android.datatransport:transport-backend-cct:2.3.3] AndroidManifest.xml:34:17-36
108        </service>
109        <service
109-->[com.google.android.datatransport:transport-runtime:2.2.6] AndroidManifest.xml:26:9-30:19
110            android:name="com.google.android.datatransport.runtime.scheduling.jobscheduling.JobInfoSchedulerService"
110-->[com.google.android.datatransport:transport-runtime:2.2.6] AndroidManifest.xml:27:13-117
111            android:exported="false"
111-->[com.google.android.datatransport:transport-runtime:2.2.6] AndroidManifest.xml:28:13-37
112            android:permission="android.permission.BIND_JOB_SERVICE" >
112-->[com.google.android.datatransport:transport-runtime:2.2.6] AndroidManifest.xml:29:13-69
113        </service>
114
115        <receiver
115-->[com.google.android.datatransport:transport-runtime:2.2.6] AndroidManifest.xml:32:9-34:40
116            android:name="com.google.android.datatransport.runtime.scheduling.jobscheduling.AlarmManagerSchedulerBroadcastReceiver"
116-->[com.google.android.datatransport:transport-runtime:2.2.6] AndroidManifest.xml:33:13-132
117            android:exported="false" />
117-->[com.google.android.datatransport:transport-runtime:2.2.6] AndroidManifest.xml:34:13-37
118
119        <activity
119-->[com.google.android.gms:play-services-base:18.0.1] AndroidManifest.xml:20:9-22:45
120            android:name="com.google.android.gms.common.api.GoogleApiActivity"
120-->[com.google.android.gms:play-services-base:18.0.1] AndroidManifest.xml:20:19-85
121            android:exported="false"
121-->[com.google.android.gms:play-services-base:18.0.1] AndroidManifest.xml:22:19-43
122            android:theme="@android:style/Theme.Translucent.NoTitleBar" />
122-->[com.google.android.gms:play-services-base:18.0.1] AndroidManifest.xml:21:19-78
123    </application>
124
125</manifest>